ATTENTION: default value of option mesa_glthread overridden by environment.
ATTENTION: default value of option mesa_glthread overridden by environment.
ATTENTION: default value of option mesa_glthread overridden by environment.
[ERROR glean_core] Error setting metrics feature config: Json(Error("EOF while parsing a value", line: 1, column: 0))
[ERROR viaduct::backend::ffi] Missing HTTP status
[ERROR viaduct::backend::ffi] Missing HTTP status
Sandbox: Unexpected EOF, op 0 flags 00 path /proc/cpuinfo
ATTENTION: default value of option mesa_glthread overridden by environment.
ATTENTION: default value of option mesa_glthread overridden by environment.
ATTENTION: default value of option mesa_glthread overridden by environment.
[ERROR glean_core] Error setting metrics feature config: Json(Error("EOF while parsing a value", line: 1, column: 0))
[ERROR viaduct::backend::ffi] Missing HTTP status
[ERROR viaduct::backend::ffi] Missing HTTP status
ATTENTION: default value of option mesa_glthread overridden by environment.
ATTENTION: default value of option mesa_glthread overridden by environment.
ATTENTION: default value of option mesa_glthread overridden by environment.
[ERROR glean_core] Error setting metrics feature config: Json(Error("EOF while parsing a value", line: 1, column: 0))
[ERROR viaduct::backend::ffi] Missing HTTP status
[ERROR viaduct::backend::ffi] Missing HTTP status
Sandbox: Unexpected EOF, op 0 flags 00 path /proc/cpuinfo
ATTENTION: default value of option mesa_glthread overridden by environment.
ATTENTION: default value of option mesa_glthread overridden by environment.
ATTENTION: default value of option mesa_glthread overridden by environment.
[ERROR glean_core] Error setting metrics feature config: Json(Error("EOF while parsing a value", line: 1, column: 0))
[ERROR viaduct::backend::ffi] Missing HTTP status
[ERROR viaduct::backend::ffi] Missing HTTP status
ATTENTION: default value of option mesa_glthread overridden by environment.
ATTENTION: default value of option mesa_glthread overridden by environment.
ATTENTION: default value of option mesa_glthread overridden by environment.
[ERROR glean_core] Error setting metrics feature config: Json(Error("EOF while parsing a value", line: 1, column: 0))
[ERROR viaduct::backend::ffi] Missing HTTP status
[ERROR viaduct::backend::ffi] Missing HTTP status
Sandbox: Unexpected EOF, op 0 flags 00 path /proc/cpuinfo
ATTENTION: default value of option mesa_glthread overridden by environment.
ATTENTION: default value of option mesa_glthread overridden by environment.
ATTENTION: default value of option mesa_glthread overridden by environment.
[ERROR glean_core] Error setting metrics feature config: Json(Error("EOF while parsing a value", line: 1, column: 0))
[ERROR viaduct::backend::ffi] Missing HTTP status
[ERROR viaduct::backend::ffi] Missing HTTP status
Sandbox: Unexpected EOF, op 0 flags 00 path /proc/cpuinfo
ATTENTION: default value of option mesa_glthread overridden by environment.
ATTENTION: default value of option mesa_glthread overridden by environment.
ATTENTION: default value of option mesa_glthread overridden by environment.
[ERROR glean_core] Error setting metrics feature config: Json(Error("EOF while parsing a value", line: 1, column: 0))
[ERROR viaduct::backend::ffi] Missing HTTP status
[ERROR viaduct::backend::ffi] Missing HTTP status
ATTENTION: default value of option mesa_glthread overridden by environment.
ATTENTION: default value of option mesa_glthread overridden by environment.
ATTENTION: default value of option mesa_glthread overridden by environment.
[ERROR glean_core] Error setting metrics feature config: Json(Error("EOF while parsing a value", line: 1, column: 0))
[ERROR viaduct::backend::ffi] Missing HTTP status
[ERROR viaduct::backend::ffi] Missing HTTP status
Sandbox: Unexpected EOF, op 0 flags 00 path /proc/cpuinfo
ATTENTION: default value of option mesa_glthread overridden by environment.
ATTENTION: default value of option mesa_glthread overridden by environment.
ATTENTION: default value of option mesa_glthread overridden by environment.
[ERROR glean_core] Error setting metrics feature config: Json(Error("EOF while parsing a value", line: 1, column: 0))
[ERROR viaduct::backend::ffi] Missing HTTP status
[ERROR viaduct::backend::ffi] Missing HTTP status
Sandbox: Unexpected EOF, op 0 flags 00 path /proc/cpuinfo
ATTENTION: default value of option mesa_glthread overridden by environment.
ATTENTION: default value of option mesa_glthread overridden by environment.
ATTENTION: default value of option mesa_glthread overridden by environment.
[ERROR glean_core] Error setting metrics feature config: Json(Error("EOF while parsing a value", line: 1, column: 0))
[ERROR viaduct::backend::ffi] Missing HTTP status
[ERROR viaduct::backend::ffi] Missing HTTP status
ATTENTION: default value of option mesa_glthread overridden by environment.
ATTENTION: default value of option mesa_glthread overridden by environment.
ATTENTION: default value of option mesa_glthread overridden by environment.
[ERROR glean_core] Error setting metrics feature config: Json(Error("EOF while parsing a value", line: 1, column: 0))
[ERROR viaduct::backend::ffi] Missing HTTP status
[ERROR viaduct::backend::ffi] Missing HTTP status
Sandbox: Unexpected EOF, op 0 flags 00 path /proc/cpuinfo
ATTENTION: default value of option mesa_glthread overridden by environment.
ATTENTION: default value of option mesa_glthread overridden by environment.
ATTENTION: default value of option mesa_glthread overridden by environment.
[ERROR glean_core] Error setting metrics feature config: Json(Error("EOF while parsing a value", line: 1, column: 0))
[ERROR viaduct::backend::ffi] Missing HTTP status
[ERROR viaduct::backend::ffi] Missing HTTP status
ATTENTION: default value of option mesa_glthread overridden by environment.
ATTENTION: default value of option mesa_glthread overridden by environment.
ATTENTION: default value of option mesa_glthread overridden by environment.
[ERROR glean_core] Error setting metrics feature config: Json(Error("EOF while parsing a value", line: 1, column: 0))
[ERROR viaduct::backend::ffi] Missing HTTP status
[ERROR viaduct::backend::ffi] Missing HTTP status
ATTENTION: default value of option mesa_glthread overridden by environment.
ATTENTION: default value of option mesa_glthread overridden by environment.
ATTENTION: default value of option mesa_glthread overridden by environment.
[ERROR glean_core] Error setting metrics feature config: Json(Error("EOF while parsing a value", line: 1, column: 0))
[ERROR viaduct::backend::ffi] Missing HTTP status
[ERROR viaduct::backend::ffi] Missing HTTP status
ATTENTION: default value of option mesa_glthread overridden by environment.
ATTENTION: default value of option mesa_glthread overridden by environment.
ATTENTION: default value of option mesa_glthread overridden by environment.
[ERROR glean_core] Error setting metrics feature config: Json(Error("EOF while parsing a value", line: 1, column: 0))
[ERROR viaduct::backend::ffi] Missing HTTP status
[ERROR viaduct::backend::ffi] Missing HTTP status
ATTENTION: default value of option mesa_glthread overridden by environment.
ATTENTION: default value of option mesa_glthread overridden by environment.
ATTENTION: default value of option mesa_glthread overridden by environment.
[ERROR glean_core] Error setting metrics feature config: Json(Error("EOF while parsing a value", line: 1, column: 0))
[ERROR viaduct::backend::ffi] Missing HTTP status
[ERROR viaduct::backend::ffi] Missing HTTP status
ATTENTION: default value of option mesa_glthread overridden by environment.
ATTENTION: default value of option mesa_glthread overridden by environment.
ATTENTION: default value of option mesa_glthread overridden by environment.
[ERROR glean_core] Error setting metrics feature config: Json(Error("EOF while parsing a value", line: 1, column: 0))
[ERROR viaduct::backend::ffi] Missing HTTP status
[ERROR viaduct::backend::ffi] Missing HTTP status
ATTENTION: default value of option mesa_glthread overridden by environment.
ATTENTION: default value of option mesa_glthread overridden by environment.
ATTENTION: default value of option mesa_glthread overridden by environment.
[ERROR glean_core] Error setting metrics feature config: Json(Error("EOF while parsing a value", line: 1, column: 0))
[ERROR viaduct::backend::ffi] Missing HTTP status
[ERROR viaduct::backend::ffi] Missing HTTP status
ATTENTION: default value of option mesa_glthread overridden by environment.
ATTENTION: default value of option mesa_glthread overridden by environment.
ATTENTION: default value of option mesa_glthread overridden by environment.
[ERROR glean_core] Error setting metrics feature config: Json(Error("EOF while parsing a value", line: 1, column: 0))
[ERROR viaduct::backend::ffi] Missing HTTP status
[ERROR viaduct::backend::ffi] Missing HTTP status
ATTENTION: default value of option mesa_glthread overridden by environment.
ATTENTION: default value of option mesa_glthread overridden by environment.
ATTENTION: default value of option mesa_glthread overridden by environment.
[ERROR glean_core] Error setting metrics feature config: Json(Error("EOF while parsing a value", line: 1, column: 0))
[ERROR viaduct::backend::ffi] Missing HTTP status
[ERROR viaduct::backend::ffi] Missing HTTP status
Sandbox: Unexpected EOF, op 0 flags 00 path /proc/cpuinfo
ATTENTION: default value of option mesa_glthread overridden by environment.
ATTENTION: default value of option mesa_glthread overridden by environment.
ATTENTION: default value of option mesa_glthread overridden by environment.
[ERROR glean_core] Error setting metrics feature config: Json(Error("EOF while parsing a value", line: 1, column: 0))
[ERROR viaduct::backend::ffi] Missing HTTP status
[ERROR viaduct::backend::ffi] Missing HTTP status
ATTENTION: default value of option mesa_glthread overridden by environment.
ATTENTION: default value of option mesa_glthread overridden by environment.
ATTENTION: default value of option mesa_glthread overridden by environment.
[ERROR glean_core] Error setting metrics feature config: Json(Error("EOF while parsing a value", line: 1, column: 0))
[ERROR viaduct::backend::ffi] Missing HTTP status
[ERROR viaduct::backend::ffi] Missing HTTP status
ATTENTION: default value of option mesa_glthread overridden by environment.
ATTENTION: default value of option mesa_glthread overridden by environment.
ATTENTION: default value of option mesa_glthread overridden by environment.
[ERROR glean_core] Error setting metrics feature config: Json(Error("EOF while parsing a value", line: 1, column: 0))
[ERROR viaduct::backend::ffi] Missing HTTP status
[ERROR viaduct::backend::ffi] Missing HTTP status
ATTENTION: default value of option mesa_glthread overridden by environment.
ATTENTION: default value of option mesa_glthread overridden by environment.
ATTENTION: default value of option mesa_glthread overridden by environment.
[ERROR glean_core] Error setting metrics feature config: Json(Error("EOF while parsing a value", line: 1, column: 0))
[ERROR viaduct::backend::ffi] Missing HTTP status
[ERROR viaduct::backend::ffi] Missing HTTP status
Sandbox: Unexpected EOF, op 0 flags 00 path /proc/cpuinfo
ATTENTION: default value of option mesa_glthread overridden by environment.
ATTENTION: default value of option mesa_glthread overridden by environment.
ATTENTION: default value of option mesa_glthread overridden by environment.
[ERROR glean_core] Error setting metrics feature config: Json(Error("EOF while parsing a value", line: 1, column: 0))
[ERROR viaduct::backend::ffi] Missing HTTP status
[ERROR viaduct::backend::ffi] Missing HTTP status
ATTENTION: default value of option mesa_glthread overridden by environment.
ATTENTION: default value of option mesa_glthread overridden by environment.
ATTENTION: default value of option mesa_glthread overridden by environment.
[ERROR glean_core] Error setting metrics feature config: Json(Error("EOF while parsing a value", line: 1, column: 0))
[ERROR viaduct::backend::ffi] Missing HTTP status
[ERROR viaduct::backend::ffi] Missing HTTP status
Sandbox: Unexpected EOF, op 0 flags 00 path /proc/cpuinfo
ATTENTION: default value of option mesa_glthread overridden by environment.
ATTENTION: default value of option mesa_glthread overridden by environment.
ATTENTION: default value of option mesa_glthread overridden by environment.
[ERROR glean_core] Error setting metrics feature config: Json(Error("EOF while parsing a value", line: 1, column: 0))
[ERROR viaduct::backend::ffi] Missing HTTP status
[ERROR viaduct::backend::ffi] Missing HTTP status
ATTENTION: default value of option mesa_glthread overridden by environment.
ATTENTION: default value of option mesa_glthread overridden by environment.
ATTENTION: default value of option mesa_glthread overridden by environment.
[ERROR glean_core] Error setting metrics feature config: Json(Error("EOF while parsing a value", line: 1, column: 0))
[ERROR viaduct::backend::ffi] Missing HTTP status
[ERROR viaduct::backend::ffi] Missing HTTP status
ATTENTION: default value of option mesa_glthread overridden by environment.
ATTENTION: default value of option mesa_glthread overridden by environment.
ATTENTION: default value of option mesa_glthread overridden by environment.
[ERROR glean_core] Error setting metrics feature config: Json(Error("EOF while parsing a value", line: 1, column: 0))
[ERROR viaduct::backend::ffi] Missing HTTP status
[ERROR viaduct::backend::ffi] Missing HTTP status
ATTENTION: default value of option mesa_glthread overridden by environment.
ATTENTION: default value of option mesa_glthread overridden by environment.
ATTENTION: default value of option mesa_glthread overridden by environment.
[ERROR glean_core] Error setting metrics feature config: Json(Error("EOF while parsing a value", line: 1, column: 0))
[ERROR viaduct::backend::ffi] Missing HTTP status
[ERROR viaduct::backend::ffi] Missing HTTP status
ATTENTION: default value of option mesa_glthread overridden by environment.
ATTENTION: default value of option mesa_glthread overridden by environment.
ATTENTION: default value of option mesa_glthread overridden by environment.
[ERROR glean_core] Error setting metrics feature config: Json(Error("EOF while parsing a value", line: 1, column: 0))
[ERROR viaduct::backend::ffi] Missing HTTP status
[ERROR viaduct::backend::ffi] Missing HTTP status
Sandbox: Unexpected EOF, op 0 flags 00 path /proc/cpuinfo
ATTENTION: default value of option mesa_glthread overridden by environment.
ATTENTION: default value of option mesa_glthread overridden by environment.
ATTENTION: default value of option mesa_glthread overridden by environment.
[ERROR glean_core] Error setting metrics feature config: Json(Error("EOF while parsing a value", line: 1, column: 0))
[ERROR viaduct::backend::ffi] Missing HTTP status
[ERROR viaduct::backend::ffi] Missing HTTP status
ATTENTION: default value of option mesa_glthread overridden by environment.
ATTENTION: default value of option mesa_glthread overridden by environment.
ATTENTION: default value of option mesa_glthread overridden by environment.
[ERROR glean_core] Error setting metrics feature config: Json(Error("EOF while parsing a value", line: 1, column: 0))
[ERROR viaduct::backend::ffi] Missing HTTP status
[ERROR viaduct::backend::ffi] Missing HTTP status
Sandbox: Unexpected EOF, op 0 flags 00 path /proc/cpuinfo
ATTENTION: default value of option mesa_glthread overridden by environment.
ATTENTION: default value of option mesa_glthread overridden by environment.
ATTENTION: default value of option mesa_glthread overridden by environment.
[ERROR glean_core] Error setting metrics feature config: Json(Error("EOF while parsing a value", line: 1, column: 0))
[ERROR viaduct::backend::ffi] Missing HTTP status
[ERROR viaduct::backend::ffi] Missing HTTP status
ATTENTION: default value of option mesa_glthread overridden by environment.
ATTENTION: default value of option mesa_glthread overridden by environment.
ATTENTION: default value of option mesa_glthread overridden by environment.
[ERROR glean_core] Error setting metrics feature config: Json(Error("EOF while parsing a value", line: 1, column: 0))
[ERROR viaduct::backend::ffi] Missing HTTP status
[ERROR viaduct::backend::ffi] Missing HTTP status
ATTENTION: default value of option mesa_glthread overridden by environment.
ATTENTION: default value of option mesa_glthread overridden by environment.
ATTENTION: default value of option mesa_glthread overridden by environment.
[ERROR glean_core] Error setting metrics feature config: Json(Error("EOF while parsing a value", line: 1, column: 0))
MESA-INTEL: warning: Haswell Vulkan support is incomplete
Opening in existing browser session.
libva error: vaGetDriverNameByIndex() failed with unknown libva error, driver_name = (null)
MESA-INTEL: warning: Haswell Vulkan support is incomplete
Opening in existing browser session.
libva error: vaGetDriverNameByIndex() failed with unknown libva error, driver_name = (null)
Opening in existing browser session.
MESA-INTEL: warning: Haswell Vulkan support is incomplete
libva error: vaGetDriverNameByIndex() failed with unknown libva error, driver_name = (null)
MESA-INTEL: warning: Haswell Vulkan support is incomplete
Opening in existing browser session.
libva error: vaGetDriverNameByIndex() failed with unknown libva error, driver_name = (null)
MESA-INTEL: warning: Haswell Vulkan support is incomplete
Opening in existing browser session.
libva error: vaGetDriverNameByIndex() failed with unknown libva error, driver_name = (null)
MESA-INTEL: warning: Haswell Vulkan support is incomplete
Opening in existing browser session.
libva error: vaGetDriverNameByIndex() failed with unknown libva error, driver_name = (null)
MESA-INTEL: warning: Haswell Vulkan support is incomplete
Opening in existing browser session.
libva error: vaGetDriverNameByIndex() failed with unknown libva error, driver_name = (null)
Opening in existing browser session.
MESA-INTEL: warning: Haswell Vulkan support is incomplete
libva error: vaGetDriverNameByIndex() failed with unknown libva error, driver_name = (null)
MESA-INTEL: warning: Haswell Vulkan support is incomplete
Opening in existing browser session.
libva error: vaGetDriverNameByIndex() failed with unknown libva error, driver_name = (null)
MESA-INTEL: warning: Haswell Vulkan support is incomplete
Opening in existing browser session.
libva error: vaGetDriverNameByIndex() failed with unknown libva error, driver_name = (null)
MESA-INTEL: warning: Haswell Vulkan support is incomplete
Opening in existing browser session.
libva error: vaGetDriverNameByIndex() failed with unknown libva error, driver_name = (null)
MESA-INTEL: warning: Haswell Vulkan support is incomplete
Opening in existing browser session.
libva error: vaGetDriverNameByIndex() failed with unknown libva error, driver_name = (null)
Opening in existing browser session.
MESA-INTEL: warning: Haswell Vulkan support is incomplete
libva error: vaGetDriverNameByIndex() failed with unknown libva error, driver_name = (null)
MESA-INTEL: warning: Haswell Vulkan support is incomplete
Opening in existing browser session.
libva error: vaGetDriverNameByIndex() failed with unknown libva error, driver_name = (null)
MESA-INTEL: warning: Haswell Vulkan support is incomplete
Opening in existing browser session.
libva error: vaGetDriverNameByIndex() failed with unknown libva error, driver_name = (null)
MESA-INTEL: warning: Haswell Vulkan support is incomplete
Opening in existing browser session.
libva error: vaGetDriverNameByIndex() failed with unknown libva error, driver_name = (null)
Opening in existing browser session.
MESA-INTEL: warning: Haswell Vulkan support is incomplete
libva error: vaGetDriverNameByIndex() failed with unknown libva error, driver_name = (null)
MESA-INTEL: warning: Haswell Vulkan support is incomplete
Opening in existing browser session.
libva error: vaGetDriverNameByIndex() failed with unknown libva error, driver_name = (null)
MESA-INTEL: warning: Haswell Vulkan support is incomplete
Opening in existing browser session.
libva error: vaGetDriverNameByIndex() failed with unknown libva error, driver_name = (null)
MESA-INTEL: warning: Haswell Vulkan support is incomplete
Opening in existing browser session.
libva error: vaGetDriverNameByIndex() failed with unknown libva error, driver_name = (null)
MESA-INTEL: warning: Haswell Vulkan support is incomplete
Opening in existing browser session.
libva error: vaGetDriverNameByIndex() failed with unknown libva error, driver_name = (null)
MESA-INTEL: warning: Haswell Vulkan support is incomplete
libva error: vaGetDriverNameByIndex() failed with unknown libva error, driver_name = (null)
Warning: disabling flag --expose_wasm due to conflicting flags
[86301:86301:0514/062011.455742:ERROR:gl_surface_presentation_helper.cc(260)] GetVSyncParametersIfAvailable() failed for 1 times!
MESA-INTEL: warning: Haswell Vulkan support is incomplete
Opening in existing browser session.
[86301:86301:0514/062022.198235:ERROR:gl_surface_presentation_helper.cc(260)] GetVSyncParametersIfAvailable() failed for 2 times!
[86301:86301:0514/062022.211841:ERROR:gl_surface_presentation_helper.cc(260)] GetVSyncParametersIfAvailable() failed for 3 times!
libva error: vaGetDriverNameByIndex() failed with unknown libva error, driver_name = (null)
Warning: disabling flag --expose_wasm due to conflicting flags
MESA-INTEL: warning: Haswell Vulkan support is incomplete
Opening in existing browser session.
libva error: vaGetDriverNameByIndex() failed with unknown libva error, driver_name = (null)
Warning: disabling flag --expose_wasm due to conflicting flags
MESA-INTEL: warning: Haswell Vulkan support is incomplete
Opening in existing browser session.
libva error: vaGetDriverNameByIndex() failed with unknown libva error, driver_name = (null)
Warning: disabling flag --expose_wasm due to conflicting flags
MESA-INTEL: warning: Haswell Vulkan support is incomplete
Opening in existing browser session.
libva error: vaGetDriverNameByIndex() failed with unknown libva error, driver_name = (null)
Warning: disabling flag --expose_wasm due to conflicting flags
MESA-INTEL: warning: Haswell Vulkan support is incomplete
Opening in existing browser session.
libva error: vaGetDriverNameByIndex() failed with unknown libva error, driver_name = (null)
Warning: disabling flag --expose_wasm due to conflicting flags
MESA-INTEL: warning: Haswell Vulkan support is incomplete
Opening in existing browser session.
libva error: vaGetDriverNameByIndex() failed with unknown libva error, driver_name = (null)
Warning: disabling flag --expose_wasm due to conflicting flags
MESA-INTEL: warning: Haswell Vulkan support is incomplete
Opening in existing browser session.
libva error: vaGetDriverNameByIndex() failed with unknown libva error, driver_name = (null)
Warning: disabling flag --expose_wasm due to conflicting flags
MESA-INTEL: warning: Haswell Vulkan support is incomplete
Opening in existing browser session.
libva error: vaGetDriverNameByIndex() failed with unknown libva error, driver_name = (null)
Warning: disabling flag --expose_wasm due to conflicting flags
MESA-INTEL: warning: Haswell Vulkan support is incomplete
Opening in existing browser session.
libva error: vaGetDriverNameByIndex() failed with unknown libva error, driver_name = (null)
Warning: disabling flag --expose_wasm due to conflicting flags
MESA-INTEL: warning: Haswell Vulkan support is incomplete
Opening in existing browser session.
libva error: vaGetDriverNameByIndex() failed with unknown libva error, driver_name = (null)
Warning: disabling flag --expose_wasm due to conflicting flags
MESA-INTEL: warning: Haswell Vulkan support is incomplete
Opening in existing browser session.
libva error: vaGetDriverNameByIndex() failed with unknown libva error, driver_name = (null)
Warning: disabling flag --expose_wasm due to conflicting flags
MESA-INTEL: warning: Haswell Vulkan support is incomplete
Opening in existing browser session.
libva error: vaGetDriverNameByIndex() failed with unknown libva error, driver_name = (null)
Warning: disabling flag --expose_wasm due to conflicting flags
MESA-INTEL: warning: Haswell Vulkan support is incomplete
Opening in existing browser session.
libva error: vaGetDriverNameByIndex() failed with unknown libva error, driver_name = (null)
Warning: disabling flag --expose_wasm due to conflicting flags
MESA-INTEL: warning: Haswell Vulkan support is incomplete
Opening in existing browser session.
libva error: vaGetDriverNameByIndex() failed with unknown libva error, driver_name = (null)
Warning: disabling flag --expose_wasm due to conflicting flags
MESA-INTEL: warning: Haswell Vulkan support is incomplete
Opening in existing browser session.
libva error: vaGetDriverNameByIndex() failed with unknown libva error, driver_name = (null)
Warning: disabling flag --expose_wasm due to conflicting flags
MESA-INTEL: warning: Haswell Vulkan support is incomplete
Opening in existing browser session.
libva error: vaGetDriverNameByIndex() failed with unknown libva error, driver_name = (null)
Warning: disabling flag --expose_wasm due to conflicting flags
Opening in existing browser session.
MESA-INTEL: warning: Haswell Vulkan support is incomplete
libva error: vaGetDriverNameByIndex() failed with unknown libva error, driver_name = (null)
Warning: disabling flag --expose_wasm due to conflicting flags
MESA-INTEL: warning: Haswell Vulkan support is incomplete
Opening in existing browser session.
libva error: vaGetDriverNameByIndex() failed with unknown libva error, driver_name = (null)
Warning: disabling flag --expose_wasm due to conflicting flags
MESA-INTEL: warning: Haswell Vulkan support is incomplete
Opening in existing browser session.
libva error: vaGetDriverNameByIndex() failed with unknown libva error, driver_name = (null)
Warning: disabling flag --expose_wasm due to conflicting flags
MESA-INTEL: warning: Haswell Vulkan support is incomplete
libva error: vaGetDriverNameByIndex() failed with unknown libva error, driver_name = (null)
Warning: disabling flag --expose_wasm due to conflicting flags
[90043:90043:0514/065006.062190:ERROR:gl_surface_presentation_helper.cc(260)] GetVSyncParametersIfAvailable() failed for 1 times!
[90043:90043:0514/065006.076651:ERROR:gl_surface_presentation_helper.cc(260)] GetVSyncParametersIfAvailable() failed for 2 times!
[90043:90043:0514/065006.300112:ERROR:gl_surface_presentation_helper.cc(260)] GetVSyncParametersIfAvailable() failed for 3 times!
MESA-INTEL: warning: Haswell Vulkan support is incomplete
Opening in existing browser session.
libva error: vaGetDriverNameByIndex() failed with unknown libva error, driver_name = (null)
Warning: disabling flag --expose_wasm due to conflicting flags
MESA-INTEL: warning: Haswell Vulkan support is incomplete
Opening in existing browser session.
libva error: vaGetDriverNameByIndex() failed with unknown libva error, driver_name = (null)
Warning: disabling flag --expose_wasm due to conflicting flags
MESA-INTEL: warning: Haswell Vulkan support is incomplete
Opening in existing browser session.
libva error: vaGetDriverNameByIndex() failed with unknown libva error, driver_name = (null)
Warning: disabling flag --expose_wasm due to conflicting flags
MESA-INTEL: warning: Haswell Vulkan support is incomplete
Opening in existing browser session.
libva error: vaGetDriverNameByIndex() failed with unknown libva error, driver_name = (null)
Warning: disabling flag --expose_wasm due to conflicting flags
MESA-INTEL: warning: Haswell Vulkan support is incomplete
Opening in existing browser session.
libva error: vaGetDriverNameByIndex() failed with unknown libva error, driver_name = (null)
Warning: disabling flag --expose_wasm due to conflicting flags
MESA-INTEL: warning: Haswell Vulkan support is incomplete
Opening in existing browser session.
libva error: vaGetDriverNameByIndex() failed with unknown libva error, driver_name = (null)
Warning: disabling flag --expose_wasm due to conflicting flags
MESA-INTEL: warning: Haswell Vulkan support is incomplete
Opening in existing browser session.
libva error: vaGetDriverNameByIndex() failed with unknown libva error, driver_name = (null)
Warning: disabling flag --expose_wasm due to conflicting flags
[ERROR viaduct::backend::ffi] Missing HTTP status
[ERROR viaduct::backend::ffi] Missing HTTP status
MESA-INTEL: warning: Haswell Vulkan support is incomplete
Opening in existing browser session.
libva error: vaGetDriverNameByIndex() failed with unknown libva error, driver_name = (null)
MESA-INTEL: warning: Haswell Vulkan support is incomplete
libva error: vaGetDriverNameByIndex() failed with unknown libva error, driver_name = (null)
Warning: disabling flag --expose_wasm due to conflicting flags
[93672:93672:0514/071200.279587:ERROR:gl_surface_presentation_helper.cc(260)] GetVSyncParametersIfAvailable() failed for 1 times!
[93672:93672:0514/071200.292074:ERROR:gl_surface_presentation_helper.cc(260)] GetVSyncParametersIfAvailable() failed for 2 times!
[93672:93672:0514/071215.048621:ERROR:gl_surface_presentation_helper.cc(260)] GetVSyncParametersIfAvailable() failed for 3 times!
MESA-INTEL: warning: Haswell Vulkan support is incomplete
Opening in existing browser session.
libva error: vaGetDriverNameByIndex() failed with unknown libva error, driver_name = (null)
Warning: disabling flag --expose_wasm due to conflicting flags
Opening in existing browser session.
MESA-INTEL: warning: Haswell Vulkan support is incomplete
libva error: vaGetDriverNameByIndex() failed with unknown libva error, driver_name = (null)
Warning: disabling flag --expose_wasm due to conflicting flags
MESA-INTEL: warning: Haswell Vulkan support is incomplete
Opening in existing browser session.
libva error: vaGetDriverNameByIndex() failed with unknown libva error, driver_name = (null)
Warning: disabling flag --expose_wasm due to conflicting flags
MESA-INTEL: warning: Haswell Vulkan support is incomplete
Opening in existing browser session.
libva error: vaGetDriverNameByIndex() failed with unknown libva error, driver_name = (null)
Warning: disabling flag --expose_wasm due to conflicting flags
MESA-INTEL: warning: Haswell Vulkan support is incomplete
Opening in existing browser session.
libva error: vaGetDriverNameByIndex() failed with unknown libva error, driver_name = (null)
Warning: disabling flag --expose_wasm due to conflicting flags
Opening in existing browser session.
MESA-INTEL: warning: Haswell Vulkan support is incomplete
libva error: vaGetDriverNameByIndex() failed with unknown libva error, driver_name = (null)
Warning: disabling flag --expose_wasm due to conflicting flags
MESA-INTEL: warning: Haswell Vulkan support is incomplete
Opening in existing browser session.
libva error: vaGetDriverNameByIndex() failed with unknown libva error, driver_name = (null)
Warning: disabling flag --expose_wasm due to conflicting flags
Opening in existing browser session.
MESA-INTEL: warning: Haswell Vulkan support is incomplete
libva error: vaGetDriverNameByIndex() failed with unknown libva error, driver_name = (null)
Warning: disabling flag --expose_wasm due to conflicting flags
Opening in existing browser session.
MESA-INTEL: warning: Haswell Vulkan support is incomplete
libva error: vaGetDriverNameByIndex() failed with unknown libva error, driver_name = (null)
Warning: disabling flag --expose_wasm due to conflicting flags
MESA-INTEL: warning: Haswell Vulkan support is incomplete
Opening in existing browser session.
libva error: vaGetDriverNameByIndex() failed with unknown libva error, driver_name = (null)
Warning: disabling flag --expose_wasm due to conflicting flags
Opening in existing browser session.
MESA-INTEL: warning: Haswell Vulkan support is incomplete
libva error: vaGetDriverNameByIndex() failed with unknown libva error, driver_name = (null)
Warning: disabling flag --expose_wasm due to conflicting flags
MESA-INTEL: warning: Haswell Vulkan support is incomplete
Opening in existing browser session.
libva error: vaGetDriverNameByIndex() failed with unknown libva error, driver_name = (null)
Warning: disabling flag --expose_wasm due to conflicting flags
MESA-INTEL: warning: Haswell Vulkan support is incomplete
libva error: vaGetDriverNameByIndex() failed with unknown libva error, driver_name = (null)
Opening in existing browser session.
Warning: disabling flag --expose_wasm due to conflicting flags
MESA-INTEL: warning: Haswell Vulkan support is incomplete
Opening in existing browser session.
libva error: vaGetDriverNameByIndex() failed with unknown libva error, driver_name = (null)
Warning: disabling flag --expose_wasm due to conflicting flags
Opening in existing browser session.
MESA-INTEL: warning: Haswell Vulkan support is incomplete
libva error: vaGetDriverNameByIndex() failed with unknown libva error, driver_name = (null)
MESA-INTEL: warning: Haswell Vulkan support is incomplete
libva error: vaGetDriverNameByIndex() failed with unknown libva error, driver_name = (null)
Warning: disabling flag --expose_wasm due to conflicting flags
[98242:98242:0514/074006.231398:ERROR:gl_surface_presentation_helper.cc(260)] GetVSyncParametersIfAvailable() failed for 1 times!
[98242:98242:0514/074006.236862:ERROR:gl_surface_presentation_helper.cc(260)] GetVSyncParametersIfAvailable() failed for 2 times!
[98242:98242:0514/074011.363158:ERROR:gl_surface_presentation_helper.cc(260)] GetVSyncParametersIfAvailable() failed for 3 times!
MESA-INTEL: warning: Haswell Vulkan support is incomplete
libva error: vaGetDriverNameByIndex() failed with unknown libva error, driver_name = (null)
Warning: disabling flag --expose_wasm due to conflicting flags
[98667:98667:0514/074320.462259:ERROR:gl_surface_presentation_helper.cc(260)] GetVSyncParametersIfAvailable() failed for 1 times!
Opening in existing browser session.
MESA-INTEL: warning: Haswell Vulkan support is incomplete
[98667:98667:0514/074327.013634:ERROR:gl_surface_presentation_helper.cc(260)] GetVSyncParametersIfAvailable() failed for 2 times!
[98667:98667:0514/074327.028171:ERROR:gl_surface_presentation_helper.cc(260)] GetVSyncParametersIfAvailable() failed for 3 times!
libva error: vaGetDriverNameByIndex() failed with unknown libva error, driver_name = (null)
Warning: disabling flag --expose_wasm due to conflicting flags
MESA-INTEL: warning: Haswell Vulkan support is incomplete
Opening in existing browser session.
libva error: vaGetDriverNameByIndex() failed with unknown libva error, driver_name = (null)
Warning: disabling flag --expose_wasm due to conflicting flags
MESA-INTEL: warning: Haswell Vulkan support is incomplete
Opening in existing browser session.
libva error: vaGetDriverNameByIndex() failed with unknown libva error, driver_name = (null)
Warning: disabling flag --expose_wasm due to conflicting flags
Opening in existing browser session.
MESA-INTEL: warning: Haswell Vulkan support is incomplete
libva error: vaGetDriverNameByIndex() failed with unknown libva error, driver_name = (null)
Warning: disabling flag --expose_wasm due to conflicting flags
MESA-INTEL: warning: Haswell Vulkan support is incomplete
Opening in existing browser session.
libva error: vaGetDriverNameByIndex() failed with unknown libva error, driver_name = (null)
Warning: disabling flag --expose_wasm due to conflicting flags
MESA-INTEL: warning: Haswell Vulkan support is incomplete
Opening in existing browser session.
libva error: vaGetDriverNameByIndex() failed with unknown libva error, driver_name = (null)
Warning: disabling flag --expose_wasm due to conflicting flags
[98667:98667:0514/075415.521190:ERROR:shared_image_manager.cc(217)] SharedImageManager::ProduceSkia: Trying to Produce a Skia representation from a non-existent mailbox.
MESA-INTEL: warning: Haswell Vulkan support is incomplete
libva error: vaGetDriverNameByIndex() failed with unknown libva error, driver_name = (null)
Warning: disabling flag --expose_wasm due to conflicting flags
[100236:100236:0514/075427.039934:ERROR:gl_surface_presentation_helper.cc(260)] GetVSyncParametersIfAvailable() failed for 1 times!
[100236:100236:0514/075430.087679:ERROR:gl_surface_presentation_helper.cc(260)] GetVSyncParametersIfAvailable() failed for 2 times!
[100236:100236:0514/075433.691185:ERROR:gl_surface_presentation_helper.cc(260)] GetVSyncParametersIfAvailable() failed for 3 times!
MESA-INTEL: warning: Haswell Vulkan support is incomplete
Opening in existing browser session.
libva error: vaGetDriverNameByIndex() failed with unknown libva error, driver_name = (null)
Warning: disabling flag --expose_wasm due to conflicting flags
MESA-INTEL: warning: Haswell Vulkan support is incomplete
Opening in existing browser session.
libva error: vaGetDriverNameByIndex() failed with unknown libva error, driver_name = (null)
Warning: disabling flag --expose_wasm due to conflicting flags
MESA-INTEL: warning: Haswell Vulkan support is incomplete
Opening in existing browser session.
libva error: vaGetDriverNameByIndex() failed with unknown libva error, driver_name = (null)
Warning: disabling flag --expose_wasm due to conflicting flags
MESA-INTEL: warning: Haswell Vulkan support is incomplete
Opening in existing browser session.
libva error: vaGetDriverNameByIndex() failed with unknown libva error, driver_name = (null)
Warning: disabling flag --expose_wasm due to conflicting flags
MESA-INTEL: warning: Haswell Vulkan support is incomplete
libva error: vaGetDriverNameByIndex() failed with unknown libva error, driver_name = (null)
Warning: disabling flag --expose_wasm due to conflicting flags
[101097:101097:0514/075926.079676:ERROR:gl_surface_presentation_helper.cc(260)] GetVSyncParametersIfAvailable() failed for 1 times!
[101097:101097:0514/075930.632790:ERROR:gl_surface_presentation_helper.cc(260)] GetVSyncParametersIfAvailable() failed for 2 times!
[101097:101097:0514/075930.644160:ERROR:gl_surface_presentation_helper.cc(260)] GetVSyncParametersIfAvailable() failed for 3 times!
MESA-INTEL: warning: Haswell Vulkan support is incomplete
Opening in existing browser session.
libva error: vaGetDriverNameByIndex() failed with unknown libva error, driver_name = (null)
Warning: disabling flag --expose_wasm due to conflicting flags
MESA-INTEL: warning: Haswell Vulkan support is incomplete
Opening in existing browser session.
libva error: vaGetDriverNameByIndex() failed with unknown libva error, driver_name = (null)
Warning: disabling flag --expose_wasm due to conflicting flags
MESA-INTEL: warning: Haswell Vulkan support is incomplete
Opening in existing browser session.
libva error: vaGetDriverNameByIndex() failed with unknown libva error, driver_name = (null)
Warning: disabling flag --expose_wasm due to conflicting flags
MESA-INTEL: warning: Haswell Vulkan support is incomplete
Opening in existing browser session.
libva error: vaGetDriverNameByIndex() failed with unknown libva error, driver_name = (null)
Warning: disabling flag --expose_wasm due to conflicting flags
MESA-INTEL: warning: Haswell Vulkan support is incomplete
Opening in existing browser session.
libva error: vaGetDriverNameByIndex() failed with unknown libva error, driver_name = (null)
Warning: disabling flag --expose_wasm due to conflicting flags
MESA-INTEL: warning: Haswell Vulkan support is incomplete
Opening in existing browser session.
libva error: vaGetDriverNameByIndex() failed with unknown libva error, driver_name = (null)
Warning: disabling flag --expose_wasm due to conflicting flags
MESA-INTEL: warning: Haswell Vulkan support is incomplete
Opening in existing browser session.
libva error: vaGetDriverNameByIndex() failed with unknown libva error, driver_name = (null)
Warning: disabling flag --expose_wasm due to conflicting flags
MESA-INTEL: warning: Haswell Vulkan support is incomplete
Opening in existing browser session.
libva error: vaGetDriverNameByIndex() failed with unknown libva error, driver_name = (null)
Warning: disabling flag --expose_wasm due to conflicting flags
